2005-05-17 23:18:24,187 - SimpleLog4JLogSystem initialized using logfile 'velocity.log'
2005-05-17 23:18:24,203 - ************************************************************** 
2005-05-17 23:18:24,203 - Starting Jakarta Velocity v1.3
2005-05-17 23:18:24,203 - RuntimeInstance initializing.
2005-05-17 23:18:24,203 - Default Properties File: org\apache\velocity\runtime\defaults\velocity.properties
2005-05-17 23:18:24,203 - Trying to use logger class org.apache.velocity.runtime.log.AvalonLogSystem
2005-05-17 23:18:24,203 - Couldn't find class org.apache.velocity.runtime.log.AvalonLogSystem or necessary supporting classes in classpath. Exception : java.lang.NoClassDefFoundError: org/apache/log/format/Formatter
2005-05-17 23:18:24,203 - Trying to use logger class org.apache.velocity.runtime.log.SimpleLog4JLogSystem
2005-05-17 23:18:24,203 - Using logger class org.apache.velocity.runtime.log.SimpleLog4JLogSystem
2005-05-17 23:18:24,203 - Default ResourceManager initializing. (class org.apache.velocity.runtime.resource.ResourceManagerImpl)
2005-05-17 23:18:24,203 - Resource Loader Instantiated: org.apache.velocity.runtime.resource.loader.FileResourceLoader
2005-05-17 23:18:24,203 - FileResourceLoader : initialization starting.
2005-05-17 23:18:24,203 - FileResourceLoader : adding path '.'
2005-05-17 23:18:24,203 - FileResourceLoader : initialization complete.
2005-05-17 23:18:24,218 - ResourceCache : initialized. (class org.apache.velocity.runtime.resource.ResourceCacheImpl)
2005-05-17 23:18:24,218 - Default ResourceManager initialization complete.
2005-05-17 23:18:24,218 - Loaded System Directive: org.apache.velocity.runtime.directive.Literal
2005-05-17 23:18:24,234 - Loaded System Directive: org.apache.velocity.runtime.directive.Macro
2005-05-17 23:18:24,234 - Loaded System Directive: org.apache.velocity.runtime.directive.Parse
2005-05-17 23:18:24,234 - Loaded System Directive: org.apache.velocity.runtime.directive.Include
2005-05-17 23:18:24,234 - Loaded System Directive: org.apache.velocity.runtime.directive.Foreach
2005-05-17 23:18:24,468 - Created: 20 parsers.
2005-05-17 23:18:24,468 - Velocimacro : initialization starting.
2005-05-17 23:18:24,468 - Velocimacro : adding VMs from VM library template : VM_global_library.vm
2005-05-17 23:18:24,468 - ResourceManager : unable to find resource 'VM_global_library.vm' in any resource loader.
2005-05-17 23:18:24,468 - Velocimacro : error using  VM library template VM_global_library.vm : org.apache.velocity.exception.ResourceNotFoundException: Unable to find resource 'VM_global_library.vm'
2005-05-17 23:18:24,468 - Velocimacro :  VM library template macro registration complete.
2005-05-17 23:18:24,468 - Velocimacro : allowInline = true : VMs can be defined inline in templates
2005-05-17 23:18:24,468 - Velocimacro : allowInlineToOverride = false : VMs defined inline may NOT replace previous VM definitions
2005-05-17 23:18:24,468 - Velocimacro : allowInlineLocal = false : VMs defined inline will be  global in scope if allowed.
2005-05-17 23:18:24,468 - Velocimacro : messages on  : VM system will output logging messages
2005-05-17 23:18:24,468 - Velocimacro : autoload off  : VM system will not automatically reload global library macros
2005-05-17 23:18:24,468 - Velocimacro : initialization complete.
2005-05-17 23:18:24,468 - Velocity successfully started.
2005-05-17 23:18:37,015 - ResourceManager : found test-site/meta/error.vm with loader org.apache.velocity.runtime.resource.loader.FileResourceLoader
2005-05-17 23:18:37,062 - ResourceManager : found test-site/meta/error.vm with loader org.apache.velocity.runtime.resource.loader.FileResourceLoader
2005-05-17 23:18:44,937 - ResourceManager : found test-site/meta/error.vm with loader org.apache.velocity.runtime.resource.loader.FileResourceLoader
2005-05-17 23:18:47,250 - ResourceManager : found test-site/meta/error.vm with loader org.apache.velocity.runtime.resource.loader.FileResourceLoader
2005-05-17 23:18:48,671 - ResourceManager : found test-site/meta/error.vm with loader org.apache.velocity.runtime.resource.loader.FileResourceLoader
2005-05-17 23:18:49,968 - ResourceManager : found test-site/meta/error.vm with loader org.apache.velocity.runtime.resource.loader.FileResourceLoader
2005-05-17 23:18:55,875 - ResourceManager : found test-site/meta/error.vm with loader org.apache.velocity.runtime.resource.loader.FileResourceLoader
2005-05-17 23:19:07,687 - ResourceManager : found test-site/meta/error.vm with loader org.apache.velocity.runtime.resource.loader.FileResourceLoader
2005-05-17 23:19:10,953 - ResourceManager : found test-site/meta/error.vm with loader org.apache.velocity.runtime.resource.loader.FileResourceLoader
2005-05-17 23:19:11,156 - ResourceManager : found test-site/meta/error.vm with loader org.apache.velocity.runtime.resource.loader.FileResourceLoader
2005-05-17 23:19:18,703 - ResourceManager : found test-site/meta/error.vm with loader org.apache.velocity.runtime.resource.loader.FileResourceLoader
2005-05-17 23:19:21,515 - ResourceManager : found test-site/meta/error.vm with loader org.apache.velocity.runtime.resource.loader.FileResourceLoader
2005-05-17 23:19:21,796 - ResourceManager : found test-site/meta/error.vm with loader org.apache.velocity.runtime.resource.loader.FileResourceLoader
2005-05-17 23:19:24,390 - ResourceManager : found test-site/meta/error.vm with loader org.apache.velocity.runtime.resource.loader.FileResourceLoader
2005-05-17 23:19:38,140 - ResourceManager : found test-site/meta/error.vm with loader org.apache.velocity.runtime.resource.loader.FileResourceLoader
2005-05-17 23:19:38,343 - ResourceManager : found test-site/meta/error.vm with loader org.apache.velocity.runtime.resource.loader.FileResourceLoader
2005-05-17 23:19:40,687 - ResourceManager : found test-site/meta/error.vm with loader org.apache.velocity.runtime.resource.loader.FileResourceLoader
2005-05-18 23:23:16,875 - SimpleLog4JLogSystem initialized using logfile 'velocity.log'
2005-05-18 23:23:16,890 - ************************************************************** 
2005-05-18 23:23:16,890 - Starting Jakarta Velocity v1.3
2005-05-18 23:23:16,890 - RuntimeInstance initializing.
2005-05-18 23:23:16,890 - Default Properties File: org\apache\velocity\runtime\defaults\velocity.properties
2005-05-18 23:23:16,890 - Trying to use logger class org.apache.velocity.runtime.log.AvalonLogSystem
2005-05-18 23:23:16,890 - Couldn't find class org.apache.velocity.runtime.log.AvalonLogSystem or necessary supporting classes in classpath. Exception : java.lang.NoClassDefFoundError: org/apache/log/format/Formatter
2005-05-18 23:23:16,890 - Trying to use logger class org.apache.velocity.runtime.log.SimpleLog4JLogSystem
2005-05-18 23:23:16,890 - Using logger class org.apache.velocity.runtime.log.SimpleLog4JLogSystem
2005-05-18 23:23:16,890 - Default ResourceManager initializing. (class org.apache.velocity.runtime.resource.ResourceManagerImpl)
2005-05-18 23:23:16,906 - Resource Loader Instantiated: org.apache.velocity.runtime.resource.loader.FileResourceLoader
2005-05-18 23:23:16,906 - FileResourceLoader : initialization starting.
2005-05-18 23:23:16,906 - FileResourceLoader : adding path '.'
2005-05-18 23:23:16,906 - FileResourceLoader : initialization complete.
2005-05-18 23:23:16,906 - ResourceCache : initialized. (class org.apache.velocity.runtime.resource.ResourceCacheImpl)
2005-05-18 23:23:16,906 - Default ResourceManager initialization complete.
2005-05-18 23:23:16,921 - Loaded System Directive: org.apache.velocity.runtime.directive.Literal
2005-05-18 23:23:16,921 - Loaded System Directive: org.apache.velocity.runtime.directive.Macro
2005-05-18 23:23:16,921 - Loaded System Directive: org.apache.velocity.runtime.directive.Parse
2005-05-18 23:23:16,921 - Loaded System Directive: org.apache.velocity.runtime.directive.Include
2005-05-18 23:23:16,937 - Loaded System Directive: org.apache.velocity.runtime.directive.Foreach
2005-05-18 23:23:17,187 - Created: 20 parsers.
2005-05-18 23:23:17,187 - Velocimacro : initialization starting.
2005-05-18 23:23:17,187 - Velocimacro : adding VMs from VM library template : VM_global_library.vm
2005-05-18 23:23:17,203 - ResourceManager : unable to find resource 'VM_global_library.vm' in any resource loader.
2005-05-18 23:23:17,203 - Velocimacro : error using  VM library template VM_global_library.vm : org.apache.velocity.exception.ResourceNotFoundException: Unable to find resource 'VM_global_library.vm'
2005-05-18 23:23:17,203 - Velocimacro :  VM library template macro registration complete.
2005-05-18 23:23:17,203 - Velocimacro : allowInline = true : VMs can be defined inline in templates
2005-05-18 23:23:17,203 - Velocimacro : allowInlineToOverride = false : VMs defined inline may NOT replace previous VM definitions
2005-05-18 23:23:17,203 - Velocimacro : allowInlineLocal = false : VMs defined inline will be  global in scope if allowed.
2005-05-18 23:23:17,203 - Velocimacro : messages on  : VM system will output logging messages
2005-05-18 23:23:17,203 - Velocimacro : autoload off  : VM system will not automatically reload global library macros
2005-05-18 23:23:17,203 - Velocimacro : initialization complete.
2005-05-18 23:23:17,203 - Velocity successfully started.
2005-05-18 23:24:44,234 - ResourceManager : found test-site/meta/error.vm with loader org.apache.velocity.runtime.resource.loader.FileResourceLoader
2005-05-18 23:24:56,765 - ResourceManager : found test-site/meta/error.vm with loader org.apache.velocity.runtime.resource.loader.FileResourceLoader
2005-05-18 23:24:56,875 - ResourceManager : found test-site/meta/error.vm with loader org.apache.velocity.runtime.resource.loader.FileResourceLoader
2005-05-18 23:24:56,890 - ResourceManager : found test-site/meta/error.vm with loader org.apache.velocity.runtime.resource.loader.FileResourceLoader
2005-05-18 23:24:56,984 - ResourceManager : found test-site/meta/error.vm with loader org.apache.velocity.runtime.resource.loader.FileResourceLoader
2005-05-18 23:25:53,609 - SimpleLog4JLogSystem initialized using logfile 'velocity.log'
2005-05-18 23:25:53,609 - ************************************************************** 
2005-05-18 23:25:53,609 - Starting Jakarta Velocity v1.3
2005-05-18 23:25:53,609 - RuntimeInstance initializing.
2005-05-18 23:25:53,609 - Default Properties File: org\apache\velocity\runtime\defaults\velocity.properties
2005-05-18 23:25:53,609 - Trying to use logger class org.apache.velocity.runtime.log.AvalonLogSystem
2005-05-18 23:25:53,609 - Couldn't find class org.apache.velocity.runtime.log.AvalonLogSystem or necessary supporting classes in classpath. Exception : java.lang.NoClassDefFoundError: org/apache/log/format/Formatter
2005-05-18 23:25:53,609 - Trying to use logger class org.apache.velocity.runtime.log.SimpleLog4JLogSystem
2005-05-18 23:25:53,609 - Using logger class org.apache.velocity.runtime.log.SimpleLog4JLogSystem
2005-05-18 23:25:53,609 - Default ResourceManager initializing. (class org.apache.velocity.runtime.resource.ResourceManagerImpl)
2005-05-18 23:25:53,625 - Resource Loader Instantiated: org.apache.velocity.runtime.resource.loader.FileResourceLoader
2005-05-18 23:25:53,625 - FileResourceLoader : initialization starting.
2005-05-18 23:25:53,625 - FileResourceLoader : adding path '.'
2005-05-18 23:25:53,625 - FileResourceLoader : initialization complete.
2005-05-18 23:25:53,625 - ResourceCache : initialized. (class org.apache.velocity.runtime.resource.ResourceCacheImpl)
2005-05-18 23:25:53,625 - Default ResourceManager initialization complete.
2005-05-18 23:25:53,640 - Loaded System Directive: org.apache.velocity.runtime.directive.Literal
2005-05-18 23:25:53,640 - Loaded System Directive: org.apache.velocity.runtime.directive.Macro
2005-05-18 23:25:53,640 - Loaded System Directive: org.apache.velocity.runtime.directive.Parse
2005-05-18 23:25:53,640 - Loaded System Directive: org.apache.velocity.runtime.directive.Include
2005-05-18 23:25:53,656 - Loaded System Directive: org.apache.velocity.runtime.directive.Foreach
2005-05-18 23:25:53,812 - Created: 20 parsers.
2005-05-18 23:25:53,812 - Velocimacro : initialization starting.
2005-05-18 23:25:53,812 - Velocimacro : adding VMs from VM library template : VM_global_library.vm
2005-05-18 23:25:53,812 - ResourceManager : unable to find resource 'VM_global_library.vm' in any resource loader.
2005-05-18 23:25:53,812 - Velocimacro : error using  VM library template VM_global_library.vm : org.apache.velocity.exception.ResourceNotFoundException: Unable to find resource 'VM_global_library.vm'
2005-05-18 23:25:53,812 - Velocimacro :  VM library template macro registration complete.
2005-05-18 23:25:53,812 - Velocimacro : allowInline = true : VMs can be defined inline in templates
2005-05-18 23:25:53,812 - Velocimacro : allowInlineToOverride = false : VMs defined inline may NOT replace previous VM definitions
2005-05-18 23:25:53,812 - Velocimacro : allowInlineLocal = false : VMs defined inline will be  global in scope if allowed.
2005-05-18 23:25:53,812 - Velocimacro : messages on  : VM system will output logging messages
2005-05-18 23:25:53,812 - Velocimacro : autoload off  : VM system will not automatically reload global library macros
2005-05-18 23:25:53,812 - Velocimacro : initialization complete.
2005-05-18 23:25:53,812 - Velocity successfully started.
2005-05-18 23:25:59,078 - ResourceManager : found test-site/meta/error.vm with loader org.apache.velocity.runtime.resource.loader.FileResourceLoader
2005-05-18 23:25:59,140 - ResourceManager : found test-site/meta/error.vm with loader org.apache.velocity.runtime.resource.loader.FileResourceLoader
2005-05-18 23:25:59,281 - ResourceManager : found test-site/meta/error.vm with loader org.apache.velocity.runtime.resource.loader.FileResourceLoader
2005-05-18 23:26:07,187 - ResourceManager : found test-site/meta/error.vm with loader org.apache.velocity.runtime.resource.loader.FileResourceLoader
2005-05-18 23:26:07,296 - ResourceManager : found test-site/meta/error.vm with loader org.apache.velocity.runtime.resource.loader.FileResourceLoader
2005-05-18 23:26:07,421 - ResourceManager : found test-site/meta/error.vm with loader org.apache.velocity.runtime.resource.loader.FileResourceLoader
2005-05-18 23:26:12,859 - ResourceManager : found test-site/meta/error.vm with loader org.apache.velocity.runtime.resource.loader.FileResourceLoader
2005-05-18 23:26:12,968 - ResourceManager : found test-site/meta/error.vm with loader org.apache.velocity.runtime.resource.loader.FileResourceLoader
2005-05-18 23:26:13,078 - ResourceManager : found test-site/meta/error.vm with loader org.apache.velocity.runtime.resource.loader.FileResourceLoader
2005-05-18 23:28:59,593 - SimpleLog4JLogSystem initialized using logfile 'velocity.log'
2005-05-18 23:28:59,593 - ************************************************************** 
2005-05-18 23:28:59,593 - Starting Jakarta Velocity v1.3
2005-05-18 23:28:59,593 - RuntimeInstance initializing.
2005-05-18 23:28:59,593 - Default Properties File: org\apache\velocity\runtime\defaults\velocity.properties
2005-05-18 23:28:59,593 - Trying to use logger class org.apache.velocity.runtime.log.AvalonLogSystem
2005-05-18 23:28:59,593 - Couldn't find class org.apache.velocity.runtime.log.AvalonLogSystem or necessary supporting classes in classpath. Exception : java.lang.NoClassDefFoundError: org/apache/log/format/Formatter
2005-05-18 23:28:59,593 - Trying to use logger class org.apache.velocity.runtime.log.SimpleLog4JLogSystem
2005-05-18 23:28:59,593 - Using logger class org.apache.velocity.runtime.log.SimpleLog4JLogSystem
2005-05-18 23:28:59,609 - Default ResourceManager initializing. (class org.apache.velocity.runtime.resource.ResourceManagerImpl)
2005-05-18 23:28:59,609 - Resource Loader Instantiated: org.apache.velocity.runtime.resource.loader.FileResourceLoader
2005-05-18 23:28:59,609 - FileResourceLoader : initialization starting.
2005-05-18 23:28:59,609 - FileResourceLoader : adding path '.'
2005-05-18 23:28:59,609 - FileResourceLoader : initialization complete.
2005-05-18 23:28:59,609 - ResourceCache : initialized. (class org.apache.velocity.runtime.resource.ResourceCacheImpl)
2005-05-18 23:28:59,609 - Default ResourceManager initialization complete.
2005-05-18 23:28:59,625 - Loaded System Directive: org.apache.velocity.runtime.directive.Literal
2005-05-18 23:28:59,625 - Loaded System Directive: org.apache.velocity.runtime.directive.Macro
2005-05-18 23:28:59,625 - Loaded System Directive: org.apache.velocity.runtime.directive.Parse
2005-05-18 23:28:59,640 - Loaded System Directive: org.apache.velocity.runtime.directive.Include
2005-05-18 23:28:59,640 - Loaded System Directive: org.apache.velocity.runtime.directive.Foreach
2005-05-18 23:28:59,796 - Created: 20 parsers.
2005-05-18 23:28:59,796 - Velocimacro : initialization starting.
2005-05-18 23:28:59,796 - Velocimacro : adding VMs from VM library template : VM_global_library.vm
2005-05-18 23:28:59,796 - ResourceManager : unable to find resource 'VM_global_library.vm' in any resource loader.
2005-05-18 23:28:59,796 - Velocimacro : error using  VM library template VM_global_library.vm : org.apache.velocity.exception.ResourceNotFoundException: Unable to find resource 'VM_global_library.vm'
2005-05-18 23:28:59,796 - Velocimacro :  VM library template macro registration complete.
2005-05-18 23:28:59,796 - Velocimacro : allowInline = true : VMs can be defined inline in templates
2005-05-18 23:28:59,796 - Velocimacro : allowInlineToOverride = false : VMs defined inline may NOT replace previous VM definitions
2005-05-18 23:28:59,796 - Velocimacro : allowInlineLocal = false : VMs defined inline will be  global in scope if allowed.
2005-05-18 23:28:59,796 - Velocimacro : messages on  : VM system will output logging messages
2005-05-18 23:28:59,796 - Velocimacro : autoload off  : VM system will not automatically reload global library macros
2005-05-18 23:28:59,796 - Velocimacro : initialization complete.
2005-05-18 23:28:59,796 - Velocity successfully started.
2005-05-18 23:30:35,656 - SimpleLog4JLogSystem initialized using logfile 'velocity.log'
2005-05-18 23:30:35,656 - ************************************************************** 
2005-05-18 23:30:35,656 - Starting Jakarta Velocity v1.3
2005-05-18 23:30:35,656 - RuntimeInstance initializing.
2005-05-18 23:30:35,656 - Default Properties File: org\apache\velocity\runtime\defaults\velocity.properties
2005-05-18 23:30:35,656 - Trying to use logger class org.apache.velocity.runtime.log.AvalonLogSystem
2005-05-18 23:30:35,656 - Couldn't find class org.apache.velocity.runtime.log.AvalonLogSystem or necessary supporting classes in classpath. Exception : java.lang.NoClassDefFoundError: org/apache/log/format/Formatter
2005-05-18 23:30:35,656 - Trying to use logger class org.apache.velocity.runtime.log.SimpleLog4JLogSystem
2005-05-18 23:30:35,656 - Using logger class org.apache.velocity.runtime.log.SimpleLog4JLogSystem
2005-05-18 23:30:35,656 - Default ResourceManager initializing. (class org.apache.velocity.runtime.resource.ResourceManagerImpl)
2005-05-18 23:30:35,656 - Resource Loader Instantiated: org.apache.velocity.runtime.resource.loader.FileResourceLoader
2005-05-18 23:30:35,671 - FileResourceLoader : initialization starting.
2005-05-18 23:30:35,671 - FileResourceLoader : adding path '.'
2005-05-18 23:30:35,671 - FileResourceLoader : initialization complete.
2005-05-18 23:30:35,671 - ResourceCache : initialized. (class org.apache.velocity.runtime.resource.ResourceCacheImpl)
2005-05-18 23:30:35,671 - Default ResourceManager initialization complete.
2005-05-18 23:30:35,687 - Loaded System Directive: org.apache.velocity.runtime.directive.Literal
2005-05-18 23:30:35,687 - Loaded System Directive: org.apache.velocity.runtime.directive.Macro
2005-05-18 23:30:35,687 - Loaded System Directive: org.apache.velocity.runtime.directive.Parse
2005-05-18 23:30:35,687 - Loaded System Directive: org.apache.velocity.runtime.directive.Include
2005-05-18 23:30:35,687 - Loaded System Directive: org.apache.velocity.runtime.directive.Foreach
2005-05-18 23:30:35,843 - Created: 20 parsers.
2005-05-18 23:30:35,843 - Velocimacro : initialization starting.
2005-05-18 23:30:35,843 - Velocimacro : adding VMs from VM library template : VM_global_library.vm
2005-05-18 23:30:35,859 - ResourceManager : unable to find resource 'VM_global_library.vm' in any resource loader.
2005-05-18 23:30:35,859 - Velocimacro : error using  VM library template VM_global_library.vm : org.apache.velocity.exception.ResourceNotFoundException: Unable to find resource 'VM_global_library.vm'
2005-05-18 23:30:35,859 - Velocimacro :  VM library template macro registration complete.
2005-05-18 23:30:35,859 - Velocimacro : allowInline = true : VMs can be defined inline in templates
2005-05-18 23:30:35,859 - Velocimacro : allowInlineToOverride = false : VMs defined inline may NOT replace previous VM definitions
2005-05-18 23:30:35,859 - Velocimacro : allowInlineLocal = false : VMs defined inline will be  global in scope if allowed.
2005-05-18 23:30:35,859 - Velocimacro : messages on  : VM system will output logging messages
2005-05-18 23:30:35,859 - Velocimacro : autoload off  : VM system will not automatically reload global library macros
2005-05-18 23:30:35,859 - Velocimacro : initialization complete.
2005-05-18 23:30:35,859 - Velocity successfully started.
2005-05-18 23:30:39,156 - ResourceManager : found test-site/meta/error.vm with loader org.apache.velocity.runtime.resource.loader.FileResourceLoader
2005-05-18 23:30:39,187 - ResourceManager : found test-site/meta/error.vm with loader org.apache.velocity.runtime.resource.loader.FileResourceLoader
2005-05-18 23:30:39,312 - ResourceManager : found test-site/meta/error.vm with loader org.apache.velocity.runtime.resource.loader.FileResourceLoader
2005-05-18 23:30:45,968 - ResourceManager : found test-site/meta/error.vm with loader org.apache.velocity.runtime.resource.loader.FileResourceLoader
2005-05-18 23:30:46,078 - ResourceManager : found test-site/meta/error.vm with loader org.apache.velocity.runtime.resource.loader.FileResourceLoader
2005-05-18 23:30:46,187 - ResourceManager : found test-site/meta/error.vm with loader org.apache.velocity.runtime.resource.loader.FileResourceLoader
2005-05-18 23:31:06,984 - SimpleLog4JLogSystem initialized using logfile 'velocity.log'
2005-05-18 23:31:06,984 - ************************************************************** 
2005-05-18 23:31:06,984 - Starting Jakarta Velocity v1.3
2005-05-18 23:31:06,984 - RuntimeInstance initializing.
2005-05-18 23:31:06,984 - Default Properties File: org\apache\velocity\runtime\defaults\velocity.properties
2005-05-18 23:31:06,984 - Trying to use logger class org.apache.velocity.runtime.log.AvalonLogSystem
2005-05-18 23:31:06,984 - Couldn't find class org.apache.velocity.runtime.log.AvalonLogSystem or necessary supporting classes in classpath. Exception : java.lang.NoClassDefFoundError: org/apache/log/format/Formatter
2005-05-18 23:31:06,984 - Trying to use logger class org.apache.velocity.runtime.log.SimpleLog4JLogSystem
2005-05-18 23:31:06,984 - Using logger class org.apache.velocity.runtime.log.SimpleLog4JLogSystem
2005-05-18 23:31:07,000 - Default ResourceManager initializing. (class org.apache.velocity.runtime.resource.ResourceManagerImpl)
2005-05-18 23:31:07,000 - Resource Loader Instantiated: org.apache.velocity.runtime.resource.loader.FileResourceLoader
2005-05-18 23:31:07,000 - FileResourceLoader : initialization starting.
2005-05-18 23:31:07,000 - FileResourceLoader : adding path '.'
2005-05-18 23:31:07,000 - FileResourceLoader : initialization complete.
2005-05-18 23:31:07,000 - ResourceCache : initialized. (class org.apache.velocity.runtime.resource.ResourceCacheImpl)
2005-05-18 23:31:07,000 - Default ResourceManager initialization complete.
2005-05-18 23:31:07,015 - Loaded System Directive: org.apache.velocity.runtime.directive.Literal
2005-05-18 23:31:07,015 - Loaded System Directive: org.apache.velocity.runtime.directive.Macro
2005-05-18 23:31:07,015 - Loaded System Directive: org.apache.velocity.runtime.directive.Parse
2005-05-18 23:31:07,015 - Loaded System Directive: org.apache.velocity.runtime.directive.Include
2005-05-18 23:31:07,031 - Loaded System Directive: org.apache.velocity.runtime.directive.Foreach
2005-05-18 23:31:07,187 - Created: 20 parsers.
2005-05-18 23:31:07,187 - Velocimacro : initialization starting.
2005-05-18 23:31:07,187 - Velocimacro : adding VMs from VM library template : VM_global_library.vm
2005-05-18 23:31:07,187 - ResourceManager : unable to find resource 'VM_global_library.vm' in any resource loader.
2005-05-18 23:31:07,203 - Velocimacro : error using  VM library template VM_global_library.vm : org.apache.velocity.exception.ResourceNotFoundException: Unable to find resource 'VM_global_library.vm'
2005-05-18 23:31:07,203 - Velocimacro :  VM library template macro registration complete.
2005-05-18 23:31:07,203 - Velocimacro : allowInline = true : VMs can be defined inline in templates
2005-05-18 23:31:07,203 - Velocimacro : allowInlineToOverride = false : VMs defined inline may NOT replace previous VM definitions
2005-05-18 23:31:07,203 - Velocimacro : allowInlineLocal = false : VMs defined inline will be  global in scope if allowed.
2005-05-18 23:31:07,203 - Velocimacro : messages on  : VM system will output logging messages
2005-05-18 23:31:07,203 - Velocimacro : autoload off  : VM system will not automatically reload global library macros
2005-05-18 23:31:07,203 - Velocimacro : initialization complete.
2005-05-18 23:31:07,203 - Velocity successfully started.
2005-05-18 23:31:12,812 - ResourceManager : found test-site/meta/error.vm with loader org.apache.velocity.runtime.resource.loader.FileResourceLoader
2005-05-18 23:31:12,843 - ResourceManager : found test-site/meta/error.vm with loader org.apache.velocity.runtime.resource.loader.FileResourceLoader
2005-05-18 23:31:12,968 - ResourceManager : found test-site/meta/error.vm with loader org.apache.velocity.runtime.resource.loader.FileResourceLoader
2005-05-18 23:31:18,859 - ResourceManager : found test-site/meta/error.vm with loader org.apache.velocity.runtime.resource.loader.FileResourceLoader
2005-05-18 23:31:18,984 - ResourceManager : found test-site/meta/error.vm with loader org.apache.velocity.runtime.resource.loader.FileResourceLoader
2005-05-18 23:31:19,078 - ResourceManager : found test-site/meta/error.vm with loader org.apache.velocity.runtime.resource.loader.FileResourceLoader
2005-05-18 23:31:41,640 - ResourceManager : found test-site/meta/error.vm with loader org.apache.velocity.runtime.resource.loader.FileResourceLoader
2005-05-18 23:33:42,390 - ResourceManager : found test-site/meta/error.vm with loader org.apache.velocity.runtime.resource.loader.FileResourceLoader
2005-05-18 23:33:44,890 - ResourceManager : found test-site/meta/error.vm with loader org.apache.velocity.runtime.resource.loader.FileResourceLoader
2005-05-19 22:59:30,421 - SimpleLog4JLogSystem initialized using logfile 'velocity.log'
2005-05-19 22:59:30,421 - ************************************************************** 
2005-05-19 22:59:30,421 - Starting Jakarta Velocity v1.3
2005-05-19 22:59:30,421 - RuntimeInstance initializing.
2005-05-19 22:59:30,421 - Default Properties File: org\apache\velocity\runtime\defaults\velocity.properties
2005-05-19 22:59:30,421 - Trying to use logger class org.apache.velocity.runtime.log.AvalonLogSystem
2005-05-19 22:59:30,421 - Couldn't find class org.apache.velocity.runtime.log.AvalonLogSystem or necessary supporting classes in classpath. Exception : java.lang.NoClassDefFoundError: org/apache/log/format/Formatter
2005-05-19 22:59:30,421 - Trying to use logger class org.apache.velocity.runtime.log.SimpleLog4JLogSystem
2005-05-19 22:59:30,421 - Using logger class org.apache.velocity.runtime.log.SimpleLog4JLogSystem
2005-05-19 22:59:30,437 - Default ResourceManager initializing. (class org.apache.velocity.runtime.resource.ResourceManagerImpl)
2005-05-19 22:59:30,437 - Resource Loader Instantiated: org.apache.velocity.runtime.resource.loader.FileResourceLoader
2005-05-19 22:59:30,437 - FileResourceLoader : initialization starting.
2005-05-19 22:59:30,437 - FileResourceLoader : adding path '.'
2005-05-19 22:59:30,437 - FileResourceLoader : initialization complete.
2005-05-19 22:59:30,437 - ResourceCache : initialized. (class org.apache.velocity.runtime.resource.ResourceCacheImpl)
2005-05-19 22:59:30,437 - Default ResourceManager initialization complete.
2005-05-19 22:59:30,453 - Loaded System Directive: org.apache.velocity.runtime.directive.Literal
2005-05-19 22:59:30,453 - Loaded System Directive: org.apache.velocity.runtime.directive.Macro
2005-05-19 22:59:30,468 - Loaded System Directive: org.apache.velocity.runtime.directive.Parse
2005-05-19 22:59:30,468 - Loaded System Directive: org.apache.velocity.runtime.directive.Include
2005-05-19 22:59:30,468 - Loaded System Directive: org.apache.velocity.runtime.directive.Foreach
2005-05-19 22:59:30,640 - Created: 20 parsers.
2005-05-19 22:59:30,640 - Velocimacro : initialization starting.
2005-05-19 22:59:30,640 - Velocimacro : adding VMs from VM library template : VM_global_library.vm
2005-05-19 22:59:30,640 - ResourceManager : unable to find resource 'VM_global_library.vm' in any resource loader.
2005-05-19 22:59:30,640 - Velocimacro : error using  VM library template VM_global_library.vm : org.apache.velocity.exception.ResourceNotFoundException: Unable to find resource 'VM_global_library.vm'
2005-05-19 22:59:30,640 - Velocimacro :  VM library template macro registration complete.
2005-05-19 22:59:30,640 - Velocimacro : allowInline = true : VMs can be defined inline in templates
2005-05-19 22:59:30,640 - Velocimacro : allowInlineToOverride = false : VMs defined inline may NOT replace previous VM definitions
2005-05-19 22:59:30,640 - Velocimacro : allowInlineLocal = false : VMs defined inline will be  global in scope if allowed.
2005-05-19 22:59:30,640 - Velocimacro : messages on  : VM system will output logging messages
2005-05-19 22:59:30,640 - Velocimacro : autoload off  : VM system will not automatically reload global library macros
2005-05-19 22:59:30,640 - Velocimacro : initialization complete.
2005-05-19 22:59:30,640 - Velocity successfully started.
2005-05-19 23:00:23,453 - ResourceManager : unable to find resource 'test-site/meta/error.vm' in any resource loader.
2005-05-19 23:00:25,453 - ResourceManager : unable to find resource 'test-site/meta/error.vm' in any resource loader.
2005-05-19 23:00:51,593 - ResourceManager : unable to find resource 'test-site/meta/error.vm' in any resource loader.
2005-05-19 23:00:53,140 - ResourceManager : unable to find resource 'test-site/meta/error.vm' in any resource loader.
2005-05-19 23:00:58,140 - ResourceManager : unable to find resource 'test-site/meta/error.vm' in any resource loader.
2005-05-19 23:00:59,687 - ResourceManager : unable to find resource 'test-site/meta/error.vm' in any resource loader.
2005-05-19 23:01:13,703 - ResourceManager : unable to find resource 'test-site/meta/error.vm' in any resource loader.
2005-05-19 23:02:49,171 - ResourceManager : unable to find resource 'test-site/meta/error.vm' in any resource loader.
2005-05-19 23:02:50,796 - ResourceManager : unable to find resource 'test-site/meta/error.vm' in any resource loader.
2005-05-19 23:05:13,140 - ResourceManager : unable to find resource 'test-site/meta/error.vm' in any resource loader.
2005-05-19 23:05:14,656 - ResourceManager : unable to find resource 'test-site/meta/error.vm' in any resource loader.
2005-05-19 23:05:40,296 - ResourceManager : unable to find resource 'test-site/meta/error.vm' in any resource loader.
